
*** Running vivado
    with args -log au_plus_top_0.vds -m64 -product Vivado -mode batch -messageDb vivado.pb -notrace -source au_plus_top_0.tcl


****** Vivado v2021.1 (64-bit)
  **** SW Build 3247384 on Thu Jun 10 19:36:07 MDT 2021
  **** IP Build 3246043 on Fri Jun 11 00:30:35 MDT 2021
    ** Copyright 1986-2021 Xilinx, Inc. All Rights Reserved.

source au_plus_top_0.tcl -notrace
Command: synth_design -top au_plus_top_0 -part xc7a100tftg256-1
Starting synth_design
Attempting to get a license for feature 'Synthesis' and/or device 'xc7a100t'
INFO: [Common 17-349] Got license for feature 'Synthesis' and/or device 'xc7a100t'
INFO: [Device 21-403] Loading part xc7a100tftg256-1
INFO: [Synth 8-7079] Multithreading enabled for synth_design using a maximum of 4 processes.
INFO: [Synth 8-7078] Launching helper process for spawning children vivado processes
INFO: [Synth 8-7075] Helper process launched with PID 13204
---------------------------------------------------------------------------------
Starting RTL Elaboration : Time (s): cpu = 00:00:02 ; elapsed = 00:00:03 . Memory (MB): peak = 2494.023 ; gain = 0.000 ; free physical = 2108 ; free virtual = 10704
---------------------------------------------------------------------------------
INFO: [Synth 8-6157] synthesizing module 'au_plus_top_0' [/home/spencer/processor-design/midterm-processor/work/vivado/midterm-processor/midterm-processor.srcs/sources_1/imports/verilog/au_plus_top_0.v:7]
INFO: [Synth 8-6157] synthesizing module 'reset_conditioner_1' [/home/spencer/processor-design/midterm-processor/work/vivado/midterm-processor/midterm-processor.srcs/sources_1/imports/verilog/reset_conditioner_1.v:11]
INFO: [Synth 8-6155] done synthesizing module 'reset_conditioner_1' (1#1) [/home/spencer/processor-design/midterm-processor/work/vivado/midterm-processor/midterm-processor.srcs/sources_1/imports/verilog/reset_conditioner_1.v:11]
INFO: [Synth 8-6157] synthesizing module 'cpu_2' [/home/spencer/processor-design/midterm-processor/work/vivado/midterm-processor/midterm-processor.srcs/sources_1/imports/verilog/cpu_2.v:7]
INFO: [Synth 8-6157] synthesizing module 'instRom_3' [/home/spencer/processor-design/midterm-processor/work/vivado/midterm-processor/midterm-processor.srcs/sources_1/imports/verilog/instRom_3.v:7]
INFO: [Synth 8-155] case statement is not full and has no default [/home/spencer/processor-design/midterm-processor/work/vivado/midterm-processor/midterm-processor.srcs/sources_1/imports/verilog/instRom_3.v:17]
INFO: [Synth 8-6155] done synthesizing module 'instRom_3' (2#1) [/home/spencer/processor-design/midterm-processor/work/vivado/midterm-processor/midterm-processor.srcs/sources_1/imports/verilog/instRom_3.v:7]
INFO: [Synth 8-155] case statement is not full and has no default [/home/spencer/processor-design/midterm-processor/work/vivado/midterm-processor/midterm-processor.srcs/sources_1/imports/verilog/cpu_2.v:53]
INFO: [Synth 8-6155] done synthesizing module 'cpu_2' (3#1) [/home/spencer/processor-design/midterm-processor/work/vivado/midterm-processor/midterm-processor.srcs/sources_1/imports/verilog/cpu_2.v:7]
INFO: [Synth 8-6155] done synthesizing module 'au_plus_top_0' (4#1) [/home/spencer/processor-design/midterm-processor/work/vivado/midterm-processor/midterm-processor.srcs/sources_1/imports/verilog/au_plus_top_0.v:7]
---------------------------------------------------------------------------------
Finished RTL Elaboration : Time (s): cpu = 00:00:03 ; elapsed = 00:00:03 . Memory (MB): peak = 2494.023 ; gain = 0.000 ; free physical = 1278 ; free virtual = 9875
---------------------------------------------------------------------------------
---------------------------------------------------------------------------------
Start Handling Custom Attributes
---------------------------------------------------------------------------------
---------------------------------------------------------------------------------
Finished Handling Custom Attributes : Time (s): cpu = 00:00:04 ; elapsed = 00:00:04 . Memory (MB): peak = 2494.023 ; gain = 0.000 ; free physical = 1275 ; free virtual = 9872
---------------------------------------------------------------------------------
---------------------------------------------------------------------------------
Finished RTL Optimization Phase 1 : Time (s): cpu = 00:00:04 ; elapsed = 00:00:04 . Memory (MB): peak = 2494.023 ; gain = 0.000 ; free physical = 1275 ; free virtual = 9872
---------------------------------------------------------------------------------
Netlist sorting complete. Time (s): cpu = 00:00:00.01 ; elapsed = 00:00:00.01 . Memory (MB): peak = 2494.023 ; gain = 0.000 ; free physical = 1268 ; free virtual = 9865
INFO: [Project 1-570] Preparing netlist for logic optimization

Processing XDC Constraints
Initializing timing engine
Parsing XDC File [/home/spencer/processor-design/midterm-processor/work/constraint/alchitry.xdc]
Finished Parsing XDC File [/home/spencer/processor-design/midterm-processor/work/constraint/alchitry.xdc]
INFO: [Project 1-236] Implementation specific constraints were found while reading constraint file [/home/spencer/processor-design/midterm-processor/work/constraint/alchitry.xdc]. These constraints will be ignored for synthesis but will be used in implementation. Impacted constraints are listed in the file [.Xil/au_plus_top_0_propImpl.xdc].
Resolution: To avoid this warning, move constraints listed in [.Xil/au_plus_top_0_propImpl.xdc] to another XDC file and exclude this new file from synthesis with the used_in_synthesis property (File Properties dialog in GUI) and re-run elaboration/synthesis.
Parsing XDC File [/home/spencer/Downloads/alchitry-labs-1.2.5/library/components/au.xdc]
Finished Parsing XDC File [/home/spencer/Downloads/alchitry-labs-1.2.5/library/components/au.xdc]
Completed Processing XDC Constraints

Netlist sorting complete. Time (s): cpu = 00:00:00 ; elapsed = 00:00:00 . Memory (MB): peak = 2557.910 ; gain = 0.000 ; free physical = 1978 ; free virtual = 10575
INFO: [Project 1-111] Unisim Transformation Summary:
No Unisim elements were transformed.

Constraint Validation Runtime : Time (s): cpu = 00:00:00 ; elapsed = 00:00:00 . Memory (MB): peak = 2557.910 ; gain = 0.000 ; free physical = 1978 ; free virtual = 10575
---------------------------------------------------------------------------------
Finished Constraint Validation : Time (s): cpu = 00:00:08 ; elapsed = 00:00:08 . Memory (MB): peak = 2557.910 ; gain = 63.887 ; free physical = 2043 ; free virtual = 10640
---------------------------------------------------------------------------------
---------------------------------------------------------------------------------
Start Loading Part and Timing Information
---------------------------------------------------------------------------------
Loading part: xc7a100tftg256-1
---------------------------------------------------------------------------------
Finished Loading Part and Timing Information : Time (s): cpu = 00:00:08 ; elapsed = 00:00:08 . Memory (MB): peak = 2557.910 ; gain = 63.887 ; free physical = 2043 ; free virtual = 10640
---------------------------------------------------------------------------------
---------------------------------------------------------------------------------
Start Applying 'set_property' XDC Constraints
---------------------------------------------------------------------------------
---------------------------------------------------------------------------------
Finished applying 'set_property' XDC Constraints : Time (s): cpu = 00:00:08 ; elapsed = 00:00:08 . Memory (MB): peak = 2557.910 ; gain = 63.887 ; free physical = 2043 ; free virtual = 10640
---------------------------------------------------------------------------------
---------------------------------------------------------------------------------
Finished RTL Optimization Phase 2 : Time (s): cpu = 00:00:08 ; elapsed = 00:00:09 . Memory (MB): peak = 2557.910 ; gain = 63.887 ; free physical = 2033 ; free virtual = 10631
---------------------------------------------------------------------------------
---------------------------------------------------------------------------------
Start RTL Component Statistics 
---------------------------------------------------------------------------------
Detailed RTL Component Info : 
+---Adders : 
	   2 Input    8 Bit       Adders := 4     
	   3 Input    8 Bit       Adders := 1     
+---XORs : 
	   2 Input      8 Bit         XORs := 1     
+---Registers : 
	              128 Bit    Registers := 1     
	                8 Bit    Registers := 1     
	                4 Bit    Registers := 1     
+---Muxes : 
	  16 Input  128 Bit        Muxes := 2     
	   2 Input   16 Bit        Muxes := 1     
	   2 Input    8 Bit        Muxes := 2     
	  16 Input    1 Bit        Muxes := 2     
	   2 Input    1 Bit        Muxes := 1     
---------------------------------------------------------------------------------
Finished RTL Component Statistics 
---------------------------------------------------------------------------------
---------------------------------------------------------------------------------
Start Part Resource Summary
---------------------------------------------------------------------------------
Part Resources:
DSPs: 240 (col length:80)
BRAMs: 270 (col length: RAMB18 80 RAMB36 40)
---------------------------------------------------------------------------------
Finished Part Resource Summary
---------------------------------------------------------------------------------
---------------------------------------------------------------------------------
Start Cross Boundary and Area Optimization
---------------------------------------------------------------------------------
---------------------------------------------------------------------------------
Finished Cross Boundary and Area Optimization : Time (s): cpu = 00:00:53 ; elapsed = 00:00:53 . Memory (MB): peak = 2557.910 ; gain = 63.887 ; free physical = 2026 ; free virtual = 10631
---------------------------------------------------------------------------------
---------------------------------------------------------------------------------
Start ROM, RAM, DSP, Shift Register and Retiming Reporting
---------------------------------------------------------------------------------

ROM: Preliminary Mapping Report
+------------+------------+---------------+----------------+
|Module Name | RTL Object | Depth x Width | Implemented As | 
+------------+------------+---------------+----------------+
|instRom_3   | inst       | 32x16         | LUT            | 
+------------+------------+---------------+----------------+

---------------------------------------------------------------------------------
Finished ROM, RAM, DSP, Shift Register and Retiming Reporting
---------------------------------------------------------------------------------
---------------------------------------------------------------------------------
Start Applying XDC Timing Constraints
---------------------------------------------------------------------------------
---------------------------------------------------------------------------------
Finished Applying XDC Timing Constraints : Time (s): cpu = 00:00:57 ; elapsed = 00:00:58 . Memory (MB): peak = 2557.910 ; gain = 63.887 ; free physical = 1920 ; free virtual = 10524
---------------------------------------------------------------------------------
---------------------------------------------------------------------------------
Start Timing Optimization
---------------------------------------------------------------------------------
---------------------------------------------------------------------------------
Finished Timing Optimization : Time (s): cpu = 00:01:28 ; elapsed = 00:01:29 . Memory (MB): peak = 2696.152 ; gain = 202.129 ; free physical = 1670 ; free virtual = 10273
---------------------------------------------------------------------------------
---------------------------------------------------------------------------------
Start Technology Mapping
---------------------------------------------------------------------------------
---------------------------------------------------------------------------------
Finished Technology Mapping : Time (s): cpu = 00:01:29 ; elapsed = 00:01:30 . Memory (MB): peak = 2696.152 ; gain = 202.129 ; free physical = 1670 ; free virtual = 10273
---------------------------------------------------------------------------------
---------------------------------------------------------------------------------
Start IO Insertion
---------------------------------------------------------------------------------
---------------------------------------------------------------------------------
Start Flattening Before IO Insertion
---------------------------------------------------------------------------------
---------------------------------------------------------------------------------
Finished Flattening Before IO Insertion
---------------------------------------------------------------------------------
---------------------------------------------------------------------------------
Start Final Netlist Cleanup
---------------------------------------------------------------------------------
---------------------------------------------------------------------------------
Finished Final Netlist Cleanup
---------------------------------------------------------------------------------
---------------------------------------------------------------------------------
Finished IO Insertion : Time (s): cpu = 00:01:31 ; elapsed = 00:01:32 . Memory (MB): peak = 2696.152 ; gain = 202.129 ; free physical = 1670 ; free virtual = 10273
---------------------------------------------------------------------------------
---------------------------------------------------------------------------------
Start Renaming Generated Instances
---------------------------------------------------------------------------------
---------------------------------------------------------------------------------
Finished Renaming Generated Instances : Time (s): cpu = 00:01:31 ; elapsed = 00:01:32 . Memory (MB): peak = 2696.152 ; gain = 202.129 ; free physical = 1670 ; free virtual = 10273
---------------------------------------------------------------------------------
---------------------------------------------------------------------------------
Start Rebuilding User Hierarchy
---------------------------------------------------------------------------------
---------------------------------------------------------------------------------
Finished Rebuilding User Hierarchy : Time (s): cpu = 00:01:31 ; elapsed = 00:01:32 . Memory (MB): peak = 2696.152 ; gain = 202.129 ; free physical = 1670 ; free virtual = 10273
---------------------------------------------------------------------------------
---------------------------------------------------------------------------------
Start Renaming Generated Ports
---------------------------------------------------------------------------------
---------------------------------------------------------------------------------
Finished Renaming Generated Ports : Time (s): cpu = 00:01:31 ; elapsed = 00:01:32 . Memory (MB): peak = 2696.152 ; gain = 202.129 ; free physical = 1670 ; free virtual = 10273
---------------------------------------------------------------------------------
---------------------------------------------------------------------------------
Start Handling Custom Attributes
---------------------------------------------------------------------------------
---------------------------------------------------------------------------------
Finished Handling Custom Attributes : Time (s): cpu = 00:01:31 ; elapsed = 00:01:32 . Memory (MB): peak = 2696.152 ; gain = 202.129 ; free physical = 1670 ; free virtual = 10273
---------------------------------------------------------------------------------
---------------------------------------------------------------------------------
Start Renaming Generated Nets
---------------------------------------------------------------------------------
---------------------------------------------------------------------------------
Finished Renaming Generated Nets : Time (s): cpu = 00:01:31 ; elapsed = 00:01:32 . Memory (MB): peak = 2696.152 ; gain = 202.129 ; free physical = 1670 ; free virtual = 10273
---------------------------------------------------------------------------------
---------------------------------------------------------------------------------
Start Writing Synthesis Report
---------------------------------------------------------------------------------

Report BlackBoxes: 
+-+--------------+----------+
| |BlackBox name |Instances |
+-+--------------+----------+
+-+--------------+----------+

Report Cell Usage: 
+------+-------+------+
|      |Cell   |Count |
+------+-------+------+
|1     |BUFG   |     1|
|2     |CARRY4 |     7|
|3     |LUT1   |     9|
|4     |LUT2   |    37|
|5     |LUT3   |    17|
|6     |LUT4   |    57|
|7     |LUT5   |   117|
|8     |LUT6   |   404|
|9     |FDRE   |   136|
|10    |FDSE   |     4|
|11    |IBUF   |     3|
|12    |OBUF   |     9|
+------+-------+------+
---------------------------------------------------------------------------------
Finished Writing Synthesis Report : Time (s): cpu = 00:01:31 ; elapsed = 00:01:32 . Memory (MB): peak = 2696.152 ; gain = 202.129 ; free physical = 1670 ; free virtual = 10273
---------------------------------------------------------------------------------
Synthesis finished with 0 errors, 0 critical warnings and 0 warnings.
Synthesis Optimization Runtime : Time (s): cpu = 00:01:30 ; elapsed = 00:01:31 . Memory (MB): peak = 2696.152 ; gain = 138.242 ; free physical = 1723 ; free virtual = 10326
Synthesis Optimization Complete : Time (s): cpu = 00:01:31 ; elapsed = 00:01:32 . Memory (MB): peak = 2696.160 ; gain = 202.129 ; free physical = 1723 ; free virtual = 10326
INFO: [Project 1-571] Translating synthesized netlist
Netlist sorting complete. Time (s): cpu = 00:00:00 ; elapsed = 00:00:00 . Memory (MB): peak = 2702.090 ; gain = 0.000 ; free physical = 1764 ; free virtual = 10367
INFO: [Netlist 29-17] Analyzing 7 Unisim elements for replacement
INFO: [Netlist 29-28] Unisim Transformation completed in 4 CPU seconds
INFO: [Project 1-570] Preparing netlist for logic optimization
INFO: [Opt 31-138] Pushed 0 inverter(s) to 0 load pin(s).
Netlist sorting complete. Time (s): cpu = 00:00:00.01 ; elapsed = 00:00:00 . Memory (MB): peak = 2737.074 ; gain = 0.000 ; free physical = 1752 ; free virtual = 10354
INFO: [Project 1-111] Unisim Transformation Summary:
No Unisim elements were transformed.

Synth Design complete, checksum: 9c9e14a3
INFO: [Common 17-83] Releasing license: Synthesis
25 Infos, 0 Warnings, 0 Critical Warnings and 0 Errors encountered.
synth_design completed successfully
synth_design: Time (s): cpu = 00:01:40 ; elapsed = 00:01:37 . Memory (MB): peak = 2737.074 ; gain = 243.195 ; free physical = 2121 ; free virtual = 10724
INFO: [Common 17-1381] The checkpoint '/home/spencer/processor-design/midterm-processor/work/vivado/midterm-processor/midterm-processor.runs/synth_1/au_plus_top_0.dcp' has been generated.
INFO: [runtcl-4] Executing : report_utilization -file au_plus_top_0_utilization_synth.rpt -pb au_plus_top_0_utilization_synth.pb
INFO: [Common 17-206] Exiting Vivado at Tue Oct 12 02:11:06 2021...
