Starting Vivado...

****** Vivado v2021.1 (64-bit)
  **** SW Build 3247384 on Thu Jun 10 19:36:07 MDT 2021
  **** IP Build 3246043 on Fri Jun 11 00:30:35 MDT 2021
    ** Copyright 1986-2021 Xilinx, Inc. All Rights Reserved.

source /home/spencer/processor-design/Spencer/Hello-AVR/work/project.tcl
# set projDir "/home/spencer/processor-design/Spencer/Hello-AVR/work/vivado"
# set projName "Hello-AVR"
# set topName top
# set device xc7a100tftg256-1
# if {[file exists "$projDir/$projName"]} { file delete -force "$projDir/$projName" }
# create_project $projName "$projDir/$projName" -part $device
# set_property design_mode RTL [get_filesets sources_1]
# set verilogSources [list "/home/spencer/processor-design/Spencer/Hello-AVR/work/verilog/au_plus_top_0.v" "/home/spencer/processor-design/Spencer/Hello-AVR/work/verilog/reset_conditioner_1.v" "/home/spencer/processor-design/Spencer/Hello-AVR/work/verilog/greeter_2.v" "/home/spencer/processor-design/Spencer/Hello-AVR/work/verilog/uart_rx_3.v" "/home/spencer/processor-design/Spencer/Hello-AVR/work/verilog/uart_tx_4.v" "/home/spencer/processor-design/Spencer/Hello-AVR/work/verilog/simple_ram_5.v" ]
# import_files -fileset [get_filesets sources_1] -force -norecurse $verilogSources
# set xdcSources [list "/home/spencer/processor-design/Spencer/Hello-AVR/work/constraint/alchitry.xdc" "/home/spencer/Downloads/alchitry-labs-1.2.5/library/components/au.xdc" ]
# read_xdc $xdcSources
# set_property STEPS.WRITE_BITSTREAM.ARGS.BIN_FILE true [get_runs impl_1]
# update_compile_order -fileset sources_1
# launch_runs -runs synth_1 -jobs 12
[Sun Sep 26 19:58:16 2021] Launched synth_1...
Run output will be captured here: /home/spencer/processor-design/Spencer/Hello-AVR/work/vivado/Hello-AVR/Hello-AVR.runs/synth_1/runme.log
# wait_on_run synth_1
[Sun Sep 26 19:58:17 2021] Waiting for synth_1 to finish...

*** Running vivado
    with args -log au_plus_top_0.vds -m64 -product Vivado -mode batch -messageDb vivado.pb -notrace -source au_plus_top_0.tcl


****** Vivado v2021.1 (64-bit)
  **** SW Build 3247384 on Thu Jun 10 19:36:07 MDT 2021
  **** IP Build 3246043 on Fri Jun 11 00:30:35 MDT 2021
    ** Copyright 1986-2021 Xilinx, Inc. All Rights Reserved.

source au_plus_top_0.tcl -notrace
Command: synth_design -top au_plus_top_0 -part xc7a100tftg256-1
Starting synth_design
Attempting to get a license for feature 'Synthesis' and/or device 'xc7a100t'
INFO: [Common 17-349] Got license for feature 'Synthesis' and/or device 'xc7a100t'
INFO: [Device 21-403] Loading part xc7a100tftg256-1
INFO: [Synth 8-7079] Multithreading enabled for synth_design using a maximum of 4 processes.
INFO: [Synth 8-7078] Launching helper process for spawning children vivado processes
INFO: [Synth 8-7075] Helper process launched with PID 23795
---------------------------------------------------------------------------------
Starting RTL Elaboration : Time (s): cpu = 00:00:02 ; elapsed = 00:00:03 . Memory (MB): peak = 2495.023 ; gain = 0.000 ; free physical = 4459 ; free virtual = 12337
---------------------------------------------------------------------------------
INFO: [Synth 8-6157] synthesizing module 'au_plus_top_0' [/home/spencer/processor-design/Spencer/Hello-AVR/work/vivado/Hello-AVR/Hello-AVR.srcs/sources_1/imports/verilog/au_plus_top_0.v:7]
INFO: [Synth 8-6157] synthesizing module 'reset_conditioner_1' [/home/spencer/processor-design/Spencer/Hello-AVR/work/vivado/Hello-AVR/Hello-AVR.srcs/sources_1/imports/verilog/reset_conditioner_1.v:11]
INFO: [Synth 8-6155] done synthesizing module 'reset_conditioner_1' (1#1) [/home/spencer/processor-design/Spencer/Hello-AVR/work/vivado/Hello-AVR/Hello-AVR.srcs/sources_1/imports/verilog/reset_conditioner_1.v:11]
INFO: [Synth 8-6157] synthesizing module 'greeter_2' [/home/spencer/processor-design/Spencer/Hello-AVR/work/vivado/Hello-AVR/Hello-AVR.srcs/sources_1/imports/verilog/greeter_2.v:7]
INFO: [Synth 8-6157] synthesizing module 'simple_ram_5' [/home/spencer/processor-design/Spencer/Hello-AVR/work/vivado/Hello-AVR/Hello-AVR.srcs/sources_1/imports/verilog/simple_ram_5.v:50]
	Parameter SIZE bound to: 4'b1000 
	Parameter DEPTH bound to: 6'b100000 
INFO: [Synth 8-6155] done synthesizing module 'simple_ram_5' (2#1) [/home/spencer/processor-design/Spencer/Hello-AVR/work/vivado/Hello-AVR/Hello-AVR.srcs/sources_1/imports/verilog/simple_ram_5.v:50]
INFO: [Synth 8-6155] done synthesizing module 'greeter_2' (3#1) [/home/spencer/processor-design/Spencer/Hello-AVR/work/vivado/Hello-AVR/Hello-AVR.srcs/sources_1/imports/verilog/greeter_2.v:7]
INFO: [Synth 8-6157] synthesizing module 'uart_rx_3' [/home/spencer/processor-design/Spencer/Hello-AVR/work/vivado/Hello-AVR/Hello-AVR.srcs/sources_1/imports/verilog/uart_rx_3.v:12]
INFO: [Synth 8-226] default block is never used [/home/spencer/processor-design/Spencer/Hello-AVR/work/vivado/Hello-AVR/Hello-AVR.srcs/sources_1/imports/verilog/uart_rx_3.v:53]
INFO: [Synth 8-6155] done synthesizing module 'uart_rx_3' (4#1) [/home/spencer/processor-design/Spencer/Hello-AVR/work/vivado/Hello-AVR/Hello-AVR.srcs/sources_1/imports/verilog/uart_rx_3.v:12]
INFO: [Synth 8-6157] synthesizing module 'uart_tx_4' [/home/spencer/processor-design/Spencer/Hello-AVR/work/vivado/Hello-AVR/Hello-AVR.srcs/sources_1/imports/verilog/uart_tx_4.v:12]
INFO: [Synth 8-226] default block is never used [/home/spencer/processor-design/Spencer/Hello-AVR/work/vivado/Hello-AVR/Hello-AVR.srcs/sources_1/imports/verilog/uart_tx_4.v:54]
INFO: [Synth 8-6155] done synthesizing module 'uart_tx_4' (5#1) [/home/spencer/processor-design/Spencer/Hello-AVR/work/vivado/Hello-AVR/Hello-AVR.srcs/sources_1/imports/verilog/uart_tx_4.v:12]
INFO: [Synth 8-6155] done synthesizing module 'au_plus_top_0' (6#1) [/home/spencer/processor-design/Spencer/Hello-AVR/work/vivado/Hello-AVR/Hello-AVR.srcs/sources_1/imports/verilog/au_plus_top_0.v:7]
---------------------------------------------------------------------------------
Finished RTL Elaboration : Time (s): cpu = 00:00:03 ; elapsed = 00:00:03 . Memory (MB): peak = 2495.023 ; gain = 0.000 ; free physical = 3670 ; free virtual = 11549
---------------------------------------------------------------------------------
---------------------------------------------------------------------------------
Start Handling Custom Attributes
---------------------------------------------------------------------------------
---------------------------------------------------------------------------------
Finished Handling Custom Attributes : Time (s): cpu = 00:00:04 ; elapsed = 00:00:04 . Memory (MB): peak = 2495.023 ; gain = 0.000 ; free physical = 3664 ; free virtual = 11543
---------------------------------------------------------------------------------
---------------------------------------------------------------------------------
Finished RTL Optimization Phase 1 : Time (s): cpu = 00:00:04 ; elapsed = 00:00:04 . Memory (MB): peak = 2495.023 ; gain = 0.000 ; free physical = 3664 ; free virtual = 11543
---------------------------------------------------------------------------------
Netlist sorting complete. Time (s): cpu = 00:00:00 ; elapsed = 00:00:00 . Memory (MB): peak = 2495.023 ; gain = 0.000 ; free physical = 3658 ; free virtual = 11537
INFO: [Project 1-570] Preparing netlist for logic optimization

Processing XDC Constraints
Initializing timing engine
Parsing XDC File [/home/spencer/processor-design/Spencer/Hello-AVR/work/constraint/alchitry.xdc]
Finished Parsing XDC File [/home/spencer/processor-design/Spencer/Hello-AVR/work/constraint/alchitry.xdc]
INFO: [Project 1-236] Implementation specific constraints were found while reading constraint file [/home/spencer/processor-design/Spencer/Hello-AVR/work/constraint/alchitry.xdc]. These constraints will be ignored for synthesis but will be used in implementation. Impacted constraints are listed in the file [.Xil/au_plus_top_0_propImpl.xdc].
Resolution: To avoid this warning, move constraints listed in [.Xil/au_plus_top_0_propImpl.xdc] to another XDC file and exclude this new file from synthesis with the used_in_synthesis property (File Properties dialog in GUI) and re-run elaboration/synthesis.
Parsing XDC File [/home/spencer/Downloads/alchitry-labs-1.2.5/library/components/au.xdc]
Finished Parsing XDC File [/home/spencer/Downloads/alchitry-labs-1.2.5/library/components/au.xdc]
Completed Processing XDC Constraints

Netlist sorting complete. Time (s): cpu = 00:00:00 ; elapsed = 00:00:00 . Memory (MB): peak = 2558.910 ; gain = 0.000 ; free physical = 4407 ; free virtual = 12286
INFO: [Project 1-111] Unisim Transformation Summary:
No Unisim elements were transformed.

Constraint Validation Runtime : Time (s): cpu = 00:00:00 ; elapsed = 00:00:00 . Memory (MB): peak = 2558.910 ; gain = 0.000 ; free physical = 4407 ; free virtual = 12286
---------------------------------------------------------------------------------
Finished Constraint Validation : Time (s): cpu = 00:00:08 ; elapsed = 00:00:08 . Memory (MB): peak = 2558.910 ; gain = 63.887 ; free physical = 4484 ; free virtual = 12363
---------------------------------------------------------------------------------
---------------------------------------------------------------------------------
Start Loading Part and Timing Information
---------------------------------------------------------------------------------
Loading part: xc7a100tftg256-1
---------------------------------------------------------------------------------
Finished Loading Part and Timing Information : Time (s): cpu = 00:00:08 ; elapsed = 00:00:08 . Memory (MB): peak = 2558.910 ; gain = 63.887 ; free physical = 4484 ; free virtual = 12363
---------------------------------------------------------------------------------
---------------------------------------------------------------------------------
Start Applying 'set_property' XDC Constraints
---------------------------------------------------------------------------------
---------------------------------------------------------------------------------
Finished applying 'set_property' XDC Constraints : Time (s): cpu = 00:00:08 ; elapsed = 00:00:08 . Memory (MB): peak = 2558.910 ; gain = 63.887 ; free physical = 4484 ; free virtual = 12363
---------------------------------------------------------------------------------
INFO: [Synth 8-802] inferred FSM for state register 'M_state_q_reg' in module 'greeter_2'
INFO: [Synth 8-802] inferred FSM for state register 'M_state_q_reg' in module 'uart_rx_3'
INFO: [Synth 8-802] inferred FSM for state register 'M_state_q_reg' in module 'uart_tx_4'
---------------------------------------------------------------------------------------------------
                   State |                     New Encoding |                Previous Encoding 
---------------------------------------------------------------------------------------------------
              IDLE_state |                               00 |                               00
            PROMPT_state |                               01 |                               01
            LISTEN_state |                               10 |                               10
             HELLO_state |                               11 |                               11
---------------------------------------------------------------------------------------------------
INFO: [Synth 8-3354] encoded FSM with state register 'M_state_q_reg' using encoding 'sequential' in module 'greeter_2'
---------------------------------------------------------------------------------------------------
                   State |                     New Encoding |                Previous Encoding 
---------------------------------------------------------------------------------------------------
              IDLE_state |                               00 |                               00
         WAIT_HALF_state |                               01 |                               01
         WAIT_FULL_state |                               10 |                               10
         WAIT_HIGH_state |                               11 |                               11
---------------------------------------------------------------------------------------------------
INFO: [Synth 8-3354] encoded FSM with state register 'M_state_q_reg' using encoding 'sequential' in module 'uart_rx_3'
---------------------------------------------------------------------------------------------------
                   State |                     New Encoding |                Previous Encoding 
---------------------------------------------------------------------------------------------------
              IDLE_state |                               00 |                               00
         START_BIT_state |                               01 |                               01
              DATA_state |                               10 |                               10
          STOP_BIT_state |                               11 |                               11
---------------------------------------------------------------------------------------------------
INFO: [Synth 8-3354] encoded FSM with state register 'M_state_q_reg' using encoding 'sequential' in module 'uart_tx_4'
---------------------------------------------------------------------------------
Finished RTL Optimization Phase 2 : Time (s): cpu = 00:00:08 ; elapsed = 00:00:08 . Memory (MB): peak = 2558.910 ; gain = 63.887 ; free physical = 4474 ; free virtual = 12354
---------------------------------------------------------------------------------
---------------------------------------------------------------------------------
Start RTL Component Statistics 
---------------------------------------------------------------------------------
Detailed RTL Component Info : 
+---Adders : 
	   2 Input    7 Bit       Adders := 2     
	   2 Input    5 Bit       Adders := 2     
	   2 Input    4 Bit       Adders := 1     
	   2 Input    3 Bit       Adders := 2     
+---Registers : 
	                8 Bit    Registers := 3     
	                7 Bit    Registers := 2     
	                5 Bit    Registers := 3     
	                4 Bit    Registers := 3     
	                3 Bit    Registers := 2     
	                1 Bit    Registers := 4     
+---RAMs : 
	              256 Bit	(32 X 8 bit)          RAMs := 1     
+---Muxes : 
	   2 Input    8 Bit        Muxes := 1     
	   4 Input    8 Bit        Muxes := 1     
	   4 Input    7 Bit        Muxes := 2     
	   2 Input    5 Bit        Muxes := 1     
	   4 Input    5 Bit        Muxes := 2     
	   4 Input    4 Bit        Muxes := 1     
	   4 Input    3 Bit        Muxes := 2     
	   4 Input    2 Bit        Muxes := 3     
	   2 Input    2 Bit        Muxes := 2     
	   2 Input    1 Bit        Muxes := 12    
	   4 Input    1 Bit        Muxes := 17    
---------------------------------------------------------------------------------
Finished RTL Component Statistics 
---------------------------------------------------------------------------------
---------------------------------------------------------------------------------
Start Part Resource Summary
---------------------------------------------------------------------------------
Part Resources:
DSPs: 240 (col length:80)
BRAMs: 270 (col length: RAMB18 80 RAMB36 40)
---------------------------------------------------------------------------------
Finished Part Resource Summary
---------------------------------------------------------------------------------
---------------------------------------------------------------------------------
Start Cross Boundary and Area Optimization
---------------------------------------------------------------------------------
---------------------------------------------------------------------------------
Finished Cross Boundary and Area Optimization : Time (s): cpu = 00:00:09 ; elapsed = 00:00:10 . Memory (MB): peak = 2558.910 ; gain = 63.887 ; free physical = 4461 ; free virtual = 12345
---------------------------------------------------------------------------------
---------------------------------------------------------------------------------
Start ROM, RAM, DSP, Shift Register and Retiming Reporting
---------------------------------------------------------------------------------

Distributed RAM: Preliminary Mapping Report (see note below)
+--------------+---------------------+-----------+----------------------+---------------+
|Module Name   | RTL Object          | Inference | Size (Depth x Width) | Primitives    | 
+--------------+---------------------+-----------+----------------------+---------------+
|au_plus_top_0 | greeter/ram/ram_reg | Implied   | 32 x 8               | RAM32X1S x 8  | 
+--------------+---------------------+-----------+----------------------+---------------+

Note: The table above is a preliminary report that shows the Distributed RAMs at the current stage of the synthesis flow. Some Distributed RAMs may be reimplemented as non Distributed RAM primitives later in the synthesis flow. Multiple instantiated RAMs are reported only once.
---------------------------------------------------------------------------------
Finished ROM, RAM, DSP, Shift Register and Retiming Reporting
---------------------------------------------------------------------------------
---------------------------------------------------------------------------------
Start Applying XDC Timing Constraints
---------------------------------------------------------------------------------
---------------------------------------------------------------------------------
Finished Applying XDC Timing Constraints : Time (s): cpu = 00:00:14 ; elapsed = 00:00:14 . Memory (MB): peak = 2558.910 ; gain = 63.887 ; free physical = 4345 ; free virtual = 12228
---------------------------------------------------------------------------------
---------------------------------------------------------------------------------
Start Timing Optimization
---------------------------------------------------------------------------------
---------------------------------------------------------------------------------
Finished Timing Optimization : Time (s): cpu = 00:00:14 ; elapsed = 00:00:14 . Memory (MB): peak = 2558.910 ; gain = 63.887 ; free physical = 4341 ; free virtual = 12225
---------------------------------------------------------------------------------
---------------------------------------------------------------------------------
Start ROM, RAM, DSP, Shift Register and Retiming Reporting
---------------------------------------------------------------------------------

Distributed RAM: Final Mapping Report
+--------------+---------------------+-----------+----------------------+---------------+
|Module Name   | RTL Object          | Inference | Size (Depth x Width) | Primitives    | 
+--------------+---------------------+-----------+----------------------+---------------+
|au_plus_top_0 | greeter/ram/ram_reg | Implied   | 32 x 8               | RAM32X1S x 8  | 
+--------------+---------------------+-----------+----------------------+---------------+

---------------------------------------------------------------------------------
Finished ROM, RAM, DSP, Shift Register and Retiming Reporting
---------------------------------------------------------------------------------
---------------------------------------------------------------------------------
Start Technology Mapping
---------------------------------------------------------------------------------
---------------------------------------------------------------------------------
Finished Technology Mapping : Time (s): cpu = 00:00:14 ; elapsed = 00:00:15 . Memory (MB): peak = 2558.910 ; gain = 63.887 ; free physical = 4341 ; free virtual = 12224
---------------------------------------------------------------------------------
---------------------------------------------------------------------------------
Start IO Insertion
---------------------------------------------------------------------------------
---------------------------------------------------------------------------------
Start Flattening Before IO Insertion
---------------------------------------------------------------------------------
---------------------------------------------------------------------------------
Finished Flattening Before IO Insertion
---------------------------------------------------------------------------------
---------------------------------------------------------------------------------
Start Final Netlist Cleanup
---------------------------------------------------------------------------------
---------------------------------------------------------------------------------
Finished Final Netlist Cleanup
---------------------------------------------------------------------------------
---------------------------------------------------------------------------------
Finished IO Insertion : Time (s): cpu = 00:00:17 ; elapsed = 00:00:17 . Memory (MB): peak = 2558.910 ; gain = 63.887 ; free physical = 4340 ; free virtual = 12223
---------------------------------------------------------------------------------
---------------------------------------------------------------------------------
Start Renaming Generated Instances
---------------------------------------------------------------------------------
---------------------------------------------------------------------------------
Finished Renaming Generated Instances : Time (s): cpu = 00:00:17 ; elapsed = 00:00:17 . Memory (MB): peak = 2558.910 ; gain = 63.887 ; free physical = 4340 ; free virtual = 12223
---------------------------------------------------------------------------------
---------------------------------------------------------------------------------
Start Rebuilding User Hierarchy
---------------------------------------------------------------------------------
---------------------------------------------------------------------------------
Finished Rebuilding User Hierarchy : Time (s): cpu = 00:00:17 ; elapsed = 00:00:17 . Memory (MB): peak = 2558.910 ; gain = 63.887 ; free physical = 4340 ; free virtual = 12223
---------------------------------------------------------------------------------
---------------------------------------------------------------------------------
Start Renaming Generated Ports
---------------------------------------------------------------------------------
---------------------------------------------------------------------------------
Finished Renaming Generated Ports : Time (s): cpu = 00:00:17 ; elapsed = 00:00:17 . Memory (MB): peak = 2558.910 ; gain = 63.887 ; free physical = 4340 ; free virtual = 12223
---------------------------------------------------------------------------------
---------------------------------------------------------------------------------
Start Handling Custom Attributes
---------------------------------------------------------------------------------
---------------------------------------------------------------------------------
Finished Handling Custom Attributes : Time (s): cpu = 00:00:17 ; elapsed = 00:00:17 . Memory (MB): peak = 2558.910 ; gain = 63.887 ; free physical = 4340 ; free virtual = 12223
---------------------------------------------------------------------------------
---------------------------------------------------------------------------------
Start Renaming Generated Nets
---------------------------------------------------------------------------------
---------------------------------------------------------------------------------
Finished Renaming Generated Nets : Time (s): cpu = 00:00:17 ; elapsed = 00:00:17 . Memory (MB): peak = 2558.910 ; gain = 63.887 ; free physical = 4340 ; free virtual = 12223
---------------------------------------------------------------------------------
---------------------------------------------------------------------------------
Start Writing Synthesis Report
---------------------------------------------------------------------------------

Report BlackBoxes: 
+-+--------------+----------+
| |BlackBox name |Instances |
+-+--------------+----------+
+-+--------------+----------+

Report Cell Usage: 
+------+---------+------+
|      |Cell     |Count |
+------+---------+------+
|1     |BUFG     |     1|
|2     |LUT1     |     1|
|3     |LUT2     |    10|
|4     |LUT3     |     8|
|5     |LUT4     |    17|
|6     |LUT5     |    32|
|7     |LUT6     |    38|
|8     |MUXF7    |     1|
|9     |RAM32X1S |     8|
|10    |FDRE     |    67|
|11    |FDSE     |     4|
|12    |IBUF     |     3|
|13    |OBUF     |     9|
+------+---------+------+
---------------------------------------------------------------------------------
Finished Writing Synthesis Report : Time (s): cpu = 00:00:17 ; elapsed = 00:00:17 . Memory (MB): peak = 2558.910 ; gain = 63.887 ; free physical = 4340 ; free virtual = 12223
---------------------------------------------------------------------------------
Synthesis finished with 0 errors, 0 critical warnings and 0 warnings.
Synthesis Optimization Runtime : Time (s): cpu = 00:00:15 ; elapsed = 00:00:16 . Memory (MB): peak = 2558.910 ; gain = 0.000 ; free physical = 4391 ; free virtual = 12274
Synthesis Optimization Complete : Time (s): cpu = 00:00:17 ; elapsed = 00:00:17 . Memory (MB): peak = 2558.910 ; gain = 63.887 ; free physical = 4391 ; free virtual = 12274
INFO: [Project 1-571] Translating synthesized netlist
Netlist sorting complete. Time (s): cpu = 00:00:00 ; elapsed = 00:00:00 . Memory (MB): peak = 2558.910 ; gain = 0.000 ; free physical = 4481 ; free virtual = 12365
INFO: [Netlist 29-17] Analyzing 9 Unisim elements for replacement
INFO: [Netlist 29-28] Unisim Transformation completed in 0 CPU seconds
INFO: [Project 1-570] Preparing netlist for logic optimization
INFO: [Opt 31-138] Pushed 0 inverter(s) to 0 load pin(s).
Netlist sorting complete. Time (s): cpu = 00:00:00 ; elapsed = 00:00:00 . Memory (MB): peak = 2558.910 ; gain = 0.000 ; free physical = 4418 ; free virtual = 12301
INFO: [Project 1-111] Unisim Transformation Summary:
  A total of 8 instances were transformed.
  RAM32X1S => RAM32X1S (RAMS32): 8 instances

Synth Design complete, checksum: 70d29f05
INFO: [Common 17-83] Releasing license: Synthesis
35 Infos, 0 Warnings, 0 Critical Warnings and 0 Errors encountered.
synth_design completed successfully
synth_design: Time (s): cpu = 00:00:24 ; elapsed = 00:00:20 . Memory (MB): peak = 2558.910 ; gain = 64.031 ; free physical = 4567 ; free virtual = 12451
INFO: [Common 17-1381] The checkpoint '/home/spencer/processor-design/Spencer/Hello-AVR/work/vivado/Hello-AVR/Hello-AVR.runs/synth_1/au_plus_top_0.dcp' has been generated.
INFO: [runtcl-4] Executing : report_utilization -file au_plus_top_0_utilization_synth.rpt -pb au_plus_top_0_utilization_synth.pb
INFO: [Common 17-206] Exiting Vivado at Sun Sep 26 19:58:46 2021...
[Sun Sep 26 19:58:49 2021] synth_1 finished
wait_on_run: Time (s): cpu = 00:00:35 ; elapsed = 00:00:32 . Memory (MB): peak = 2492.055 ; gain = 0.000 ; free physical = 5347 ; free virtual = 13226
# launch_runs impl_1 -to_step write_bitstream -jobs 12
[Sun Sep 26 19:58:49 2021] Launched impl_1...
Run output will be captured here: /home/spencer/processor-design/Spencer/Hello-AVR/work/vivado/Hello-AVR/Hello-AVR.runs/impl_1/runme.log
# wait_on_run impl_1
[Sun Sep 26 19:58:49 2021] Waiting for impl_1 to finish...

*** Running vivado
    with args -log au_plus_top_0.vdi -applog -m64 -product Vivado -messageDb vivado.pb -mode batch -source au_plus_top_0.tcl -notrace


****** Vivado v2021.1 (64-bit)
  **** SW Build 3247384 on Thu Jun 10 19:36:07 MDT 2021
  **** IP Build 3246043 on Fri Jun 11 00:30:35 MDT 2021
    ** Copyright 1986-2021 Xilinx, Inc. All Rights Reserved.

source au_plus_top_0.tcl -notrace
Command: link_design -top au_plus_top_0 -part xc7a100tftg256-1
Design is defaulting to srcset: sources_1
Design is defaulting to constrset: constrs_1
INFO: [Device 21-403] Loading part xc7a100tftg256-1
Netlist sorting complete. Time (s): cpu = 00:00:00 ; elapsed = 00:00:00 . Memory (MB): peak = 2491.020 ; gain = 0.000 ; free physical = 4806 ; free virtual = 12684
INFO: [Netlist 29-17] Analyzing 9 Unisim elements for replacement
INFO: [Netlist 29-28] Unisim Transformation completed in 0 CPU seconds
INFO: [Project 1-479] Netlist was created with Vivado 2021.1
INFO: [Project 1-570] Preparing netlist for logic optimization
Parsing XDC File [/home/spencer/processor-design/Spencer/Hello-AVR/work/constraint/alchitry.xdc]
Finished Parsing XDC File [/home/spencer/processor-design/Spencer/Hello-AVR/work/constraint/alchitry.xdc]
Parsing XDC File [/home/spencer/Downloads/alchitry-labs-1.2.5/library/components/au.xdc]
Finished Parsing XDC File [/home/spencer/Downloads/alchitry-labs-1.2.5/library/components/au.xdc]
INFO: [Opt 31-138] Pushed 0 inverter(s) to 0 load pin(s).
Netlist sorting complete. Time (s): cpu = 00:00:00 ; elapsed = 00:00:00 . Memory (MB): peak = 2546.902 ; gain = 0.000 ; free physical = 4696 ; free virtual = 12580
INFO: [Project 1-111] Unisim Transformation Summary:
  A total of 8 instances were transformed.
  RAM32X1S => RAM32X1S (RAMS32): 8 instances

7 Infos, 0 Warnings, 0 Critical Warnings and 0 Errors encountered.
link_design completed successfully
Command: opt_design
Attempting to get a license for feature 'Implementation' and/or device 'xc7a100t'
INFO: [Common 17-349] Got license for feature 'Implementation' and/or device 'xc7a100t'
Running DRC as a precondition to command opt_design

Starting DRC Task
INFO: [DRC 23-27] Running DRC with 8 threads
INFO: [Project 1-461] DRC finished with 0 Errors
INFO: [Project 1-462] Please refer to the DRC report (report_drc) for more information.

Time (s): cpu = 00:00:01 ; elapsed = 00:00:00.43 . Memory (MB): peak = 2610.934 ; gain = 64.031 ; free physical = 4685 ; free virtual = 12567

Starting Cache Timing Information Task
INFO: [Timing 38-35] Done setting XDC timing constraints.
Ending Cache Timing Information Task | Checksum: 1b85c4183

Time (s): cpu = 00:00:05 ; elapsed = 00:00:05 . Memory (MB): peak = 2658.746 ; gain = 47.812 ; free physical = 4300 ; free virtual = 12179

Starting Logic Optimization Task

Phase 1 Retarget
INFO: [Opt 31-138] Pushed 0 inverter(s) to 0 load pin(s).
INFO: [Opt 31-49] Retargeted 0 cell(s).
Phase 1 Retarget | Checksum: 1b85c4183

Time (s): cpu = 00:00:00.02 ; elapsed = 00:00:00.01 . Memory (MB): peak = 2836.715 ; gain = 0.000 ; free physical = 4124 ; free virtual = 12003
INFO: [Opt 31-389] Phase Retarget created 0 cells and removed 0 cells

Phase 2 Constant propagation
INFO: [Opt 31-138] Pushed 0 inverter(s) to 0 load pin(s).
Phase 2 Constant propagation | Checksum: 1b85c4183

Time (s): cpu = 00:00:00.02 ; elapsed = 00:00:00.01 . Memory (MB): peak = 2836.715 ; gain = 0.000 ; free physical = 4124 ; free virtual = 12003
INFO: [Opt 31-389] Phase Constant propagation created 0 cells and removed 0 cells

Phase 3 Sweep
Phase 3 Sweep | Checksum: 1b85c4183

Time (s): cpu = 00:00:00.02 ; elapsed = 00:00:00.02 . Memory (MB): peak = 2836.715 ; gain = 0.000 ; free physical = 4124 ; free virtual = 12003
INFO: [Opt 31-389] Phase Sweep created 0 cells and removed 0 cells

Phase 4 BUFG optimization
Phase 4 BUFG optimization | Checksum: 1b85c4183

Time (s): cpu = 00:00:00.02 ; elapsed = 00:00:00.02 . Memory (MB): peak = 2836.715 ; gain = 0.000 ; free physical = 4124 ; free virtual = 12003
INFO: [Opt 31-662] Phase BUFG optimization created 0 cells of which 0 are BUFGs and removed 0 cells.

Phase 5 Shift Register Optimization
INFO: [Opt 31-1064] SRL Remap converted 0 SRLs to 0 registers and converted 0 registers of register chains to 0 SRLs
Phase 5 Shift Register Optimization | Checksum: 1b85c4183

Time (s): cpu = 00:00:00.02 ; elapsed = 00:00:00.02 . Memory (MB): peak = 2836.715 ; gain = 0.000 ; free physical = 4124 ; free virtual = 12003
INFO: [Opt 31-389] Phase Shift Register Optimization created 0 cells and removed 0 cells

Phase 6 Post Processing Netlist
Phase 6 Post Processing Netlist | Checksum: 1b85c4183

Time (s): cpu = 00:00:00.02 ; elapsed = 00:00:00.02 . Memory (MB): peak = 2836.715 ; gain = 0.000 ; free physical = 4124 ; free virtual = 12003
INFO: [Opt 31-389] Phase Post Processing Netlist created 0 cells and removed 0 cells
Opt_design Change Summary
=========================


-------------------------------------------------------------------------------------------------------------------------
|  Phase                        |  #Cells created  |  #Cells Removed  |  #Constrained objects preventing optimizations  |
-------------------------------------------------------------------------------------------------------------------------
|  Retarget                     |               0  |               0  |                                              0  |
|  Constant propagation         |               0  |               0  |                                              0  |
|  Sweep                        |               0  |               0  |                                              0  |
|  BUFG optimization            |               0  |               0  |                                              0  |
|  Shift Register Optimization  |               0  |               0  |                                              0  |
|  Post Processing Netlist      |               0  |               0  |                                              0  |
-------------------------------------------------------------------------------------------------------------------------



Starting Connectivity Check Task

Time (s): cpu = 00:00:00 ; elapsed = 00:00:00 . Memory (MB): peak = 2836.715 ; gain = 0.000 ; free physical = 4124 ; free virtual = 12003
Ending Logic Optimization Task | Checksum: 1b85c4183

Time (s): cpu = 00:00:00.02 ; elapsed = 00:00:00.02 . Memory (MB): peak = 2836.715 ; gain = 0.000 ; free physical = 4124 ; free virtual = 12003

Starting Power Optimization Task
INFO: [Pwropt 34-132] Skipping clock gating for clocks with a period < 2.00 ns.
Ending Power Optimization Task | Checksum: 1b85c4183

Time (s): cpu = 00:00:00.01 ; elapsed = 00:00:00 . Memory (MB): peak = 2836.715 ; gain = 0.000 ; free physical = 4124 ; free virtual = 12003

Starting Final Cleanup Task
Ending Final Cleanup Task | Checksum: 1b85c4183

Time (s): cpu = 00:00:00 ; elapsed = 00:00:00 . Memory (MB): peak = 2836.715 ; gain = 0.000 ; free physical = 4124 ; free virtual = 12003

Starting Netlist Obfuscation Task
Netlist sorting complete. Time (s): cpu = 00:00:00 ; elapsed = 00:00:00 . Memory (MB): peak = 2836.715 ; gain = 0.000 ; free physical = 4124 ; free virtual = 12003
Ending Netlist Obfuscation Task | Checksum: 1b85c4183

Time (s): cpu = 00:00:00 ; elapsed = 00:00:00 . Memory (MB): peak = 2836.715 ; gain = 0.000 ; free physical = 4124 ; free virtual = 12003
INFO: [Common 17-83] Releasing license: Implementation
24 Infos, 0 Warnings, 0 Critical Warnings and 0 Errors encountered.
opt_design completed successfully
opt_design: Time (s): cpu = 00:00:08 ; elapsed = 00:00:07 . Memory (MB): peak = 2836.715 ; gain = 289.812 ; free physical = 4124 ; free virtual = 12003
INFO: [Timing 38-480] Writing timing data to binary archive.
Writing placer database...
Writing XDEF routing.
Writing XDEF routing logical nets.
Writing XDEF routing special nets.
Write XDEF Complete: Time (s): cpu = 00:00:00.03 ; elapsed = 00:00:00.01 . Memory (MB): peak = 2876.734 ; gain = 0.000 ; free physical = 4123 ; free virtual = 12003
INFO: [Common 17-1381] The checkpoint '/home/spencer/processor-design/Spencer/Hello-AVR/work/vivado/Hello-AVR/Hello-AVR.runs/impl_1/au_plus_top_0_opt.dcp' has been generated.
INFO: [runtcl-4] Executing : report_drc -file au_plus_top_0_drc_opted.rpt -pb au_plus_top_0_drc_opted.pb -rpx au_plus_top_0_drc_opted.rpx
Command: report_drc -file au_plus_top_0_drc_opted.rpt -pb au_plus_top_0_drc_opted.pb -rpx au_plus_top_0_drc_opted.rpx
INFO: [IP_Flow 19-234] Refreshing IP repositories
INFO: [IP_Flow 19-1704] No user IP repositories specified
INFO: [IP_Flow 19-2313] Loaded Vivado IP repository '/tools/Xilinx/Vivado/2021.1/data/ip'.
INFO: [Timing 38-35] Done setting XDC timing constraints.
INFO: [DRC 23-27] Running DRC with 8 threads
INFO: [Vivado_Tcl 2-168] The results of DRC are in file /home/spencer/processor-design/Spencer/Hello-AVR/work/vivado/Hello-AVR/Hello-AVR.runs/impl_1/au_plus_top_0_drc_opted.rpt.
report_drc completed successfully
Command: place_design
Attempting to get a license for feature 'Implementation' and/or device 'xc7a100t'
INFO: [Common 17-349] Got license for feature 'Implementation' and/or device 'xc7a100t'
INFO: [DRC 23-27] Running DRC with 8 threads
INFO: [Vivado_Tcl 4-198] DRC finished with 0 Errors
INFO: [Vivado_Tcl 4-199] Please refer to the DRC report (report_drc) for more information.
Running DRC as a precondition to command place_design
INFO: [DRC 23-27] Running DRC with 8 threads
INFO: [Vivado_Tcl 4-198] DRC finished with 0 Errors
INFO: [Vivado_Tcl 4-199] Please refer to the DRC report (report_drc) for more information.

Starting Placer Task
INFO: [Place 30-611] Multithreading enabled for place_design using a maximum of 8 CPUs

Phase 1 Placer Initialization

Phase 1.1 Placer Initialization Netlist Sorting
Netlist sorting complete. Time (s): cpu = 00:00:00 ; elapsed = 00:00:00 . Memory (MB): peak = 3059.699 ; gain = 0.000 ; free physical = 4050 ; free virtual = 11929
Phase 1.1 Placer Initialization Netlist Sorting | Checksum: 14789a27e

Time (s): cpu = 00:00:00 ; elapsed = 00:00:00.02 . Memory (MB): peak = 3059.699 ; gain = 0.000 ; free physical = 4050 ; free virtual = 11929
Netlist sorting complete. Time (s): cpu = 00:00:00 ; elapsed = 00:00:00 . Memory (MB): peak = 3059.699 ; gain = 0.000 ; free physical = 4050 ; free virtual = 11929

Phase 1.2 IO Placement/ Clock Placement/ Build Placer Device
Phase 1.2 IO Placement/ Clock Placement/ Build Placer Device | Checksum: 155c9ef73

Time (s): cpu = 00:00:00.52 ; elapsed = 00:00:00.22 . Memory (MB): peak = 3059.699 ; gain = 0.000 ; free physical = 4081 ; free virtual = 11960

Phase 1.3 Build Placer Netlist Model
Phase 1.3 Build Placer Netlist Model | Checksum: 159a1c1eb

Time (s): cpu = 00:00:00.76 ; elapsed = 00:00:00.27 . Memory (MB): peak = 3059.699 ; gain = 0.000 ; free physical = 4095 ; free virtual = 11974

Phase 1.4 Constrain Clocks/Macros
Phase 1.4 Constrain Clocks/Macros | Checksum: 159a1c1eb

Time (s): cpu = 00:00:00.76 ; elapsed = 00:00:00.28 . Memory (MB): peak = 3059.699 ; gain = 0.000 ; free physical = 4095 ; free virtual = 11974
Phase 1 Placer Initialization | Checksum: 159a1c1eb

Time (s): cpu = 00:00:00.77 ; elapsed = 00:00:00.28 . Memory (MB): peak = 3059.699 ; gain = 0.000 ; free physical = 4095 ; free virtual = 11974

Phase 2 Global Placement

Phase 2.1 Floorplanning
Phase 2.1 Floorplanning | Checksum: 24617898c

Time (s): cpu = 00:00:01 ; elapsed = 00:00:00.34 . Memory (MB): peak = 3059.699 ; gain = 0.000 ; free physical = 4089 ; free virtual = 11968

Phase 2.2 Update Timing before SLR Path Opt
Phase 2.2 Update Timing before SLR Path Opt | Checksum: 2455d6646

Time (s): cpu = 00:00:01 ; elapsed = 00:00:00.36 . Memory (MB): peak = 3059.699 ; gain = 0.000 ; free physical = 4091 ; free virtual = 11970

Phase 2.3 Post-Processing in Floorplanning
Phase 2.3 Post-Processing in Floorplanning | Checksum: 2455d6646

Time (s): cpu = 00:00:01 ; elapsed = 00:00:00.36 . Memory (MB): peak = 3059.699 ; gain = 0.000 ; free physical = 4091 ; free virtual = 11970

Phase 2.4 Global Placement Core

Phase 2.4.1 Physical Synthesis In Placer
INFO: [Physopt 32-1035] Found 0 LUTNM shape to break, 7 LUT instances to create LUTNM shape
INFO: [Physopt 32-1044] Break lutnm for timing: one critical 0, two critical 0, total 0, new lutff created 0
INFO: [Physopt 32-1138] End 1 Pass. Optimized 2 nets or LUTs. Breaked 0 LUT, combined 2 existing LUTs and moved 0 existing LUT
INFO: [Physopt 32-65] No nets found for high-fanout optimization.
INFO: [Physopt 32-232] Optimized 0 net. Created 0 new instance.
INFO: [Physopt 32-775] End 1 Pass. Optimized 0 net or cell. Created 0 new cell, deleted 0 existing cell and moved 0 existing cell
INFO: [Physopt 32-670] No setup violation found.  DSP Register Optimization was not performed.
INFO: [Physopt 32-670] No setup violation found.  Shift Register to Pipeline Optimization was not performed.
INFO: [Physopt 32-670] No setup violation found.  Shift Register Optimization was not performed.
INFO: [Physopt 32-670] No setup violation found.  BRAM Register Optimization was not performed.
INFO: [Physopt 32-670] No setup violation found.  URAM Register Optimization was not performed.
INFO: [Physopt 32-949] No candidate nets found for dynamic/static region interface net replication
INFO: [Physopt 32-775] End 1 Pass. Optimized 0 net or cell. Created 0 new cell, deleted 0 existing cell and moved 0 existing cell
Netlist sorting complete. Time (s): cpu = 00:00:00 ; elapsed = 00:00:00 . Memory (MB): peak = 3059.699 ; gain = 0.000 ; free physical = 4069 ; free virtual = 11948

Summary of Physical Synthesis Optimizations
============================================


-----------------------------------------------------------------------------------------------------------------------------------------------------------
|  Optimization                                     |  Added Cells  |  Removed Cells  |  Optimized Cells/Nets  |  Dont Touch  |  Iterations  |  Elapsed   |
-----------------------------------------------------------------------------------------------------------------------------------------------------------
|  LUT Combining                                    |            0  |              2  |                     2  |           0  |           1  |  00:00:00  |
|  Retime                                           |            0  |              0  |                     0  |           0  |           1  |  00:00:00  |
|  Very High Fanout                                 |            0  |              0  |                     0  |           0  |           1  |  00:00:00  |
|  DSP Register                                     |            0  |              0  |                     0  |           0  |           0  |  00:00:00  |
|  Shift Register to Pipeline                       |            0  |              0  |                     0  |           0  |           0  |  00:00:00  |
|  Shift Register                                   |            0  |              0  |                     0  |           0  |           0  |  00:00:00  |
|  BRAM Register                                    |            0  |              0  |                     0  |           0  |           0  |  00:00:00  |
|  URAM Register                                    |            0  |              0  |                     0  |           0  |           0  |  00:00:00  |
|  Dynamic/Static Region Interface Net Replication  |            0  |              0  |                     0  |           0  |           1  |  00:00:00  |
|  Total                                            |            0  |              2  |                     2  |           0  |           4  |  00:00:00  |
-----------------------------------------------------------------------------------------------------------------------------------------------------------


Phase 2.4.1 Physical Synthesis In Placer | Checksum: 1c822ae45

Time (s): cpu = 00:00:11 ; elapsed = 00:00:02 . Memory (MB): peak = 3059.699 ; gain = 0.000 ; free physical = 4069 ; free virtual = 11948
Phase 2.4 Global Placement Core | Checksum: 210a2d54f

Time (s): cpu = 00:00:12 ; elapsed = 00:00:02 . Memory (MB): peak = 3059.699 ; gain = 0.000 ; free physical = 4068 ; free virtual = 11947
Phase 2 Global Placement | Checksum: 210a2d54f

Time (s): cpu = 00:00:12 ; elapsed = 00:00:02 . Memory (MB): peak = 3059.699 ; gain = 0.000 ; free physical = 4068 ; free virtual = 11947

Phase 3 Detail Placement

Phase 3.1 Commit Multi Column Macros
Phase 3.1 Commit Multi Column Macros | Checksum: 21eb884d8

Time (s): cpu = 00:00:12 ; elapsed = 00:00:02 . Memory (MB): peak = 3059.699 ; gain = 0.000 ; free physical = 4068 ; free virtual = 11947

Phase 3.2 Commit Most Macros & LUTRAMs
Phase 3.2 Commit Most Macros & LUTRAMs | Checksum: 16781027b

Time (s): cpu = 00:00:12 ; elapsed = 00:00:02 . Memory (MB): peak = 3059.699 ; gain = 0.000 ; free physical = 4067 ; free virtual = 11946

Phase 3.3 Area Swap Optimization
Phase 3.3 Area Swap Optimization | Checksum: 1045e4bca

Time (s): cpu = 00:00:12 ; elapsed = 00:00:02 . Memory (MB): peak = 3059.699 ; gain = 0.000 ; free physical = 4067 ; free virtual = 11946

Phase 3.4 Pipeline Register Optimization
Phase 3.4 Pipeline Register Optimization | Checksum: 11fa5afb8

Time (s): cpu = 00:00:12 ; elapsed = 00:00:02 . Memory (MB): peak = 3059.699 ; gain = 0.000 ; free physical = 4067 ; free virtual = 11946

Phase 3.5 Small Shape Detail Placement
Phase 3.5 Small Shape Detail Placement | Checksum: 23aeec542

Time (s): cpu = 00:00:12 ; elapsed = 00:00:02 . Memory (MB): peak = 3059.699 ; gain = 0.000 ; free physical = 4064 ; free virtual = 11943

Phase 3.6 Re-assign LUT pins
Phase 3.6 Re-assign LUT pins | Checksum: 2152a799a

Time (s): cpu = 00:00:12 ; elapsed = 00:00:02 . Memory (MB): peak = 3059.699 ; gain = 0.000 ; free physical = 4064 ; free virtual = 11943

Phase 3.7 Pipeline Register Optimization
Phase 3.7 Pipeline Register Optimization | Checksum: 1afd1fdac

Time (s): cpu = 00:00:12 ; elapsed = 00:00:02 . Memory (MB): peak = 3059.699 ; gain = 0.000 ; free physical = 4064 ; free virtual = 11943
Phase 3 Detail Placement | Checksum: 1afd1fdac

Time (s): cpu = 00:00:12 ; elapsed = 00:00:02 . Memory (MB): peak = 3059.699 ; gain = 0.000 ; free physical = 4064 ; free virtual = 11943

Phase 4 Post Placement Optimization and Clean-Up

Phase 4.1 Post Commit Optimization
INFO: [Timing 38-35] Done setting XDC timing constraints.

Phase 4.1.1 Post Placement Optimization
Post Placement Optimization Initialization | Checksum: 12d11d423

Phase 4.1.1.1 BUFG Insertion

Starting Physical Synthesis Task

Phase 1 Physical Synthesis Initialization
INFO: [Physopt 32-721] Multithreading enabled for phys_opt_design using a maximum of 8 CPUs
INFO: [Physopt 32-619] Estimated Timing Summary | WNS=6.032 | TNS=0.000 |
Phase 1 Physical Synthesis Initialization | Checksum: da50cc4d

Time (s): cpu = 00:00:00.08 ; elapsed = 00:00:00.01 . Memory (MB): peak = 3059.699 ; gain = 0.000 ; free physical = 4064 ; free virtual = 11943
INFO: [Place 46-56] BUFG insertion identified 0 candidate nets. Inserted BUFG: 0, Replicated BUFG Driver: 0, Skipped due to Placement/Routing Conflicts: 0, Skipped due to Timing Degradation: 0, Skipped due to Illegal Netlist: 0.
Ending Physical Synthesis Task | Checksum: 1659ef86d

Time (s): cpu = 00:00:00.08 ; elapsed = 00:00:00.01 . Memory (MB): peak = 3059.699 ; gain = 0.000 ; free physical = 4064 ; free virtual = 11943
Phase 4.1.1.1 BUFG Insertion | Checksum: 12d11d423

Time (s): cpu = 00:00:13 ; elapsed = 00:00:02 . Memory (MB): peak = 3059.699 ; gain = 0.000 ; free physical = 4064 ; free virtual = 11943

Phase 4.1.1.2 Post Placement Timing Optimization
INFO: [Place 30-746] Post Placement Timing Summary WNS=6.032. For the most accurate timing information please run report_timing.
Phase 4.1.1.2 Post Placement Timing Optimization | Checksum: 1107bb86e

Time (s): cpu = 00:00:13 ; elapsed = 00:00:02 . Memory (MB): peak = 3059.699 ; gain = 0.000 ; free physical = 4064 ; free virtual = 11943

Time (s): cpu = 00:00:13 ; elapsed = 00:00:02 . Memory (MB): peak = 3059.699 ; gain = 0.000 ; free physical = 4064 ; free virtual = 11943
Phase 4.1 Post Commit Optimization | Checksum: 1107bb86e

Time (s): cpu = 00:00:13 ; elapsed = 00:00:02 . Memory (MB): peak = 3059.699 ; gain = 0.000 ; free physical = 4064 ; free virtual = 11943

Phase 4.2 Post Placement Cleanup
Phase 4.2 Post Placement Cleanup | Checksum: 1107bb86e

Time (s): cpu = 00:00:13 ; elapsed = 00:00:02 . Memory (MB): peak = 3059.699 ; gain = 0.000 ; free physical = 4065 ; free virtual = 11944

Phase 4.3 Placer Reporting

Phase 4.3.1 Print Estimated Congestion
INFO: [Place 30-612] Post-Placement Estimated Congestion 
 ____________________________________________________
|           | Global Congestion | Short Congestion  |
| Direction | Region Size       | Region Size       |
|___________|___________________|___________________|
|      North|                1x1|                1x1|
|___________|___________________|___________________|
|      South|                1x1|                1x1|
|___________|___________________|___________________|
|       East|                1x1|                1x1|
|___________|___________________|___________________|
|       West|                1x1|                1x1|
|___________|___________________|___________________|

Phase 4.3.1 Print Estimated Congestion | Checksum: 1107bb86e

Time (s): cpu = 00:00:13 ; elapsed = 00:00:02 . Memory (MB): peak = 3059.699 ; gain = 0.000 ; free physical = 4065 ; free virtual = 11944
Phase 4.3 Placer Reporting | Checksum: 1107bb86e

Time (s): cpu = 00:00:13 ; elapsed = 00:00:02 . Memory (MB): peak = 3059.699 ; gain = 0.000 ; free physical = 4065 ; free virtual = 11944

Phase 4.4 Final Placement Cleanup
Netlist sorting complete. Time (s): cpu = 00:00:00 ; elapsed = 00:00:00 . Memory (MB): peak = 3059.699 ; gain = 0.000 ; free physical = 4065 ; free virtual = 11944

Time (s): cpu = 00:00:13 ; elapsed = 00:00:02 . Memory (MB): peak = 3059.699 ; gain = 0.000 ; free physical = 4065 ; free virtual = 11944
Phase 4 Post Placement Optimization and Clean-Up | Checksum: 18dcba095

Time (s): cpu = 00:00:13 ; elapsed = 00:00:02 . Memory (MB): peak = 3059.699 ; gain = 0.000 ; free physical = 4065 ; free virtual = 11944
Ending Placer Task | Checksum: 1721c418f

Time (s): cpu = 00:00:13 ; elapsed = 00:00:02 . Memory (MB): peak = 3059.699 ; gain = 0.000 ; free physical = 4065 ; free virtual = 11944
INFO: [Common 17-83] Releasing license: Implementation
61 Infos, 0 Warnings, 0 Critical Warnings and 0 Errors encountered.
place_design completed successfully
INFO: [Timing 38-480] Writing timing data to binary archive.
Writing placer database...
Writing XDEF routing.
Writing XDEF routing logical nets.
Writing XDEF routing special nets.
Write XDEF Complete: Time (s): cpu = 00:00:00.04 ; elapsed = 00:00:00.02 . Memory (MB): peak = 3059.699 ; gain = 0.000 ; free physical = 4090 ; free virtual = 11971
INFO: [Common 17-1381] The checkpoint '/home/spencer/processor-design/Spencer/Hello-AVR/work/vivado/Hello-AVR/Hello-AVR.runs/impl_1/au_plus_top_0_placed.dcp' has been generated.
INFO: [runtcl-4] Executing : report_io -file au_plus_top_0_io_placed.rpt
report_io: Time (s): cpu = 00:00:00.08 ; elapsed = 00:00:00.11 . Memory (MB): peak = 3059.699 ; gain = 0.000 ; free physical = 4084 ; free virtual = 11964
INFO: [runtcl-4] Executing : report_utilization -file au_plus_top_0_utilization_placed.rpt -pb au_plus_top_0_utilization_placed.pb
INFO: [runtcl-4] Executing : report_control_sets -verbose -file au_plus_top_0_control_sets_placed.rpt
report_control_sets: Time (s): cpu = 00:00:00.03 ; elapsed = 00:00:00.07 . Memory (MB): peak = 3059.699 ; gain = 0.000 ; free physical = 4089 ; free virtual = 11968
Command: phys_opt_design
Attempting to get a license for feature 'Implementation' and/or device 'xc7a100t'
INFO: [Common 17-349] Got license for feature 'Implementation' and/or device 'xc7a100t'
INFO: [Vivado_Tcl 4-383] Design worst setup slack (WNS) is greater than or equal to 0.000 ns. Skipping all physical synthesis optimizations.
INFO: [Vivado_Tcl 4-232] No setup violation found. The netlist was not modified.
INFO: [Common 17-83] Releasing license: Implementation
70 Infos, 0 Warnings, 0 Critical Warnings and 0 Errors encountered.
phys_opt_design completed successfully
INFO: [Timing 38-480] Writing timing data to binary archive.
Writing placer database...
Writing XDEF routing.
Writing XDEF routing logical nets.
Writing XDEF routing special nets.
Write XDEF Complete: Time (s): cpu = 00:00:00.03 ; elapsed = 00:00:00.01 . Memory (MB): peak = 3059.699 ; gain = 0.000 ; free physical = 4056 ; free virtual = 11936
INFO: [Common 17-1381] The checkpoint '/home/spencer/processor-design/Spencer/Hello-AVR/work/vivado/Hello-AVR/Hello-AVR.runs/impl_1/au_plus_top_0_physopt.dcp' has been generated.
Command: route_design
Attempting to get a license for feature 'Implementation' and/or device 'xc7a100t'
INFO: [Common 17-349] Got license for feature 'Implementation' and/or device 'xc7a100t'
Running DRC as a precondition to command route_design
INFO: [DRC 23-27] Running DRC with 8 threads
INFO: [Vivado_Tcl 4-198] DRC finished with 0 Errors
INFO: [Vivado_Tcl 4-199] Please refer to the DRC report (report_drc) for more information.


Starting Routing Task
INFO: [Route 35-254] Multithreading enabled for route_design using a maximum of 8 CPUs
Checksum: PlaceDB: c393a6db ConstDB: 0 ShapeSum: ae889ab4 RouteDB: 0

Phase 1 Build RT Design
Phase 1 Build RT Design | Checksum: cb857b04

Time (s): cpu = 00:00:16 ; elapsed = 00:00:13 . Memory (MB): peak = 3059.699 ; gain = 0.000 ; free physical = 3922 ; free virtual = 11802
Post Restoration Checksum: NetGraph: 7e2c9a4a NumContArr: 4d58e0ba Constraints: 0 Timing: 0

Phase 2 Router Initialization

Phase 2.1 Create Timer
Phase 2.1 Create Timer | Checksum: cb857b04

Time (s): cpu = 00:00:16 ; elapsed = 00:00:13 . Memory (MB): peak = 3059.699 ; gain = 0.000 ; free physical = 3923 ; free virtual = 11802

Phase 2.2 Fix Topology Constraints
Phase 2.2 Fix Topology Constraints | Checksum: cb857b04

Time (s): cpu = 00:00:16 ; elapsed = 00:00:13 . Memory (MB): peak = 3062.215 ; gain = 2.516 ; free physical = 3888 ; free virtual = 11767

Phase 2.3 Pre Route Cleanup
Phase 2.3 Pre Route Cleanup | Checksum: cb857b04

Time (s): cpu = 00:00:16 ; elapsed = 00:00:13 . Memory (MB): peak = 3062.215 ; gain = 2.516 ; free physical = 3888 ; free virtual = 11768
 Number of Nodes with overlaps = 0

Phase 2.4 Update Timing
Phase 2.4 Update Timing | Checksum: 1ce020cc6

Time (s): cpu = 00:00:16 ; elapsed = 00:00:13 . Memory (MB): peak = 3077.512 ; gain = 17.812 ; free physical = 3878 ; free virtual = 11758
INFO: [Route 35-416] Intermediate Timing Summary | WNS=6.032  | TNS=0.000  | WHS=-0.177 | THS=-6.740 |

Phase 2 Router Initialization | Checksum: 16d8aeac5

Time (s): cpu = 00:00:16 ; elapsed = 00:00:13 . Memory (MB): peak = 3077.512 ; gain = 17.812 ; free physical = 3878 ; free virtual = 11758

Router Utilization Summary
  Global Vertical Routing Utilization    = 0 %
  Global Horizontal Routing Utilization  = 0 %
  Routable Net Status*
  *Does not include unroutable nets such as driverless and loadless.
  Run report_route_status for detailed report.
  Number of Failed Nets               = 132
    (Failed Nets is the sum of unrouted and partially routed nets)
  Number of Unrouted Nets             = 132
  Number of Partially Routed Nets     = 0
  Number of Node Overlaps             = 0


Phase 3 Initial Routing

Phase 3.1 Global Routing
Phase 3.1 Global Routing | Checksum: 16d8aeac5

Time (s): cpu = 00:00:16 ; elapsed = 00:00:13 . Memory (MB): peak = 3082.965 ; gain = 23.266 ; free physical = 3876 ; free virtual = 11756
Phase 3 Initial Routing | Checksum: 1ba93a34b

Time (s): cpu = 00:00:17 ; elapsed = 00:00:13 . Memory (MB): peak = 3082.965 ; gain = 23.266 ; free physical = 3877 ; free virtual = 11756

Phase 4 Rip-up And Reroute

Phase 4.1 Global Iteration 0
 Number of Nodes with overlaps = 10
 Number of Nodes with overlaps = 0
INFO: [Route 35-416] Intermediate Timing Summary | WNS=5.817  | TNS=0.000  | WHS=N/A    | THS=N/A    |

Phase 4.1 Global Iteration 0 | Checksum: 17064a8ad

Time (s): cpu = 00:00:17 ; elapsed = 00:00:13 . Memory (MB): peak = 3082.965 ; gain = 23.266 ; free physical = 3876 ; free virtual = 11756
Phase 4 Rip-up And Reroute | Checksum: 17064a8ad

Time (s): cpu = 00:00:17 ; elapsed = 00:00:13 . Memory (MB): peak = 3082.965 ; gain = 23.266 ; free physical = 3876 ; free virtual = 11756

Phase 5 Delay and Skew Optimization

Phase 5.1 Delay CleanUp

Phase 5.1.1 Update Timing
Phase 5.1.1 Update Timing | Checksum: 10fe002a6

Time (s): cpu = 00:00:17 ; elapsed = 00:00:13 . Memory (MB): peak = 3082.965 ; gain = 23.266 ; free physical = 3876 ; free virtual = 11756
INFO: [Route 35-416] Intermediate Timing Summary | WNS=5.896  | TNS=0.000  | WHS=N/A    | THS=N/A    |

Phase 5.1 Delay CleanUp | Checksum: 10fe002a6

Time (s): cpu = 00:00:17 ; elapsed = 00:00:13 . Memory (MB): peak = 3082.965 ; gain = 23.266 ; free physical = 3876 ; free virtual = 11756

Phase 5.2 Clock Skew Optimization
Phase 5.2 Clock Skew Optimization | Checksum: 10fe002a6

Time (s): cpu = 00:00:17 ; elapsed = 00:00:13 . Memory (MB): peak = 3082.965 ; gain = 23.266 ; free physical = 3876 ; free virtual = 11756
Phase 5 Delay and Skew Optimization | Checksum: 10fe002a6

Time (s): cpu = 00:00:17 ; elapsed = 00:00:13 . Memory (MB): peak = 3082.965 ; gain = 23.266 ; free physical = 3876 ; free virtual = 11756

Phase 6 Post Hold Fix

Phase 6.1 Hold Fix Iter

Phase 6.1.1 Update Timing
Phase 6.1.1 Update Timing | Checksum: b13615fb

Time (s): cpu = 00:00:17 ; elapsed = 00:00:13 . Memory (MB): peak = 3082.965 ; gain = 23.266 ; free physical = 3876 ; free virtual = 11756
INFO: [Route 35-416] Intermediate Timing Summary | WNS=5.896  | TNS=0.000  | WHS=0.111  | THS=0.000  |

Phase 6.1 Hold Fix Iter | Checksum: 12e706d41

Time (s): cpu = 00:00:17 ; elapsed = 00:00:13 . Memory (MB): peak = 3082.965 ; gain = 23.266 ; free physical = 3876 ; free virtual = 11756
Phase 6 Post Hold Fix | Checksum: 12e706d41

Time (s): cpu = 00:00:17 ; elapsed = 00:00:13 . Memory (MB): peak = 3082.965 ; gain = 23.266 ; free physical = 3876 ; free virtual = 11756

Phase 7 Route finalize

Router Utilization Summary
  Global Vertical Routing Utilization    = 0.0121426 %
  Global Horizontal Routing Utilization  = 0.0166951 %
  Routable Net Status*
  *Does not include unroutable nets such as driverless and loadless.
  Run report_route_status for detailed report.
  Number of Failed Nets               = 0
    (Failed Nets is the sum of unrouted and partially routed nets)
  Number of Unrouted Nets             = 0
  Number of Partially Routed Nets     = 0
  Number of Node Overlaps             = 0

Phase 7 Route finalize | Checksum: 128341ca1

Time (s): cpu = 00:00:17 ; elapsed = 00:00:13 . Memory (MB): peak = 3082.965 ; gain = 23.266 ; free physical = 3876 ; free virtual = 11756

Phase 8 Verifying routed nets

 Verification completed successfully
Phase 8 Verifying routed nets | Checksum: 128341ca1

Time (s): cpu = 00:00:17 ; elapsed = 00:00:13 . Memory (MB): peak = 3082.965 ; gain = 23.266 ; free physical = 3874 ; free virtual = 11754

Phase 9 Depositing Routes
Phase 9 Depositing Routes | Checksum: e4460084

Time (s): cpu = 00:00:17 ; elapsed = 00:00:13 . Memory (MB): peak = 3114.980 ; gain = 55.281 ; free physical = 3874 ; free virtual = 11754

Phase 10 Post Router Timing
INFO: [Route 35-57] Estimated Timing Summary | WNS=5.896  | TNS=0.000  | WHS=0.111  | THS=0.000  |

INFO: [Route 35-327] The final timing numbers are based on the router estimated timing analysis. For a complete and accurate timing signoff, please run report_timing_summary.
Phase 10 Post Router Timing | Checksum: e4460084

Time (s): cpu = 00:00:17 ; elapsed = 00:00:13 . Memory (MB): peak = 3114.980 ; gain = 55.281 ; free physical = 3876 ; free virtual = 11755
INFO: [Route 35-16] Router Completed Successfully

Time (s): cpu = 00:00:17 ; elapsed = 00:00:13 . Memory (MB): peak = 3114.980 ; gain = 55.281 ; free physical = 3915 ; free virtual = 11794

Routing Is Done.
INFO: [Common 17-83] Releasing license: Implementation
85 Infos, 0 Warnings, 0 Critical Warnings and 0 Errors encountered.
route_design completed successfully
route_design: Time (s): cpu = 00:00:18 ; elapsed = 00:00:14 . Memory (MB): peak = 3114.980 ; gain = 55.281 ; free physical = 3915 ; free virtual = 11794
INFO: [Timing 38-480] Writing timing data to binary archive.
Writing placer database...
Writing XDEF routing.
Writing XDEF routing logical nets.
Writing XDEF routing special nets.
Write XDEF Complete: Time (s): cpu = 00:00:00.04 ; elapsed = 00:00:00.01 . Memory (MB): peak = 3114.980 ; gain = 0.000 ; free physical = 3914 ; free virtual = 11794
INFO: [Common 17-1381] The checkpoint '/home/spencer/processor-design/Spencer/Hello-AVR/work/vivado/Hello-AVR/Hello-AVR.runs/impl_1/au_plus_top_0_routed.dcp' has been generated.
INFO: [runtcl-4] Executing : report_drc -file au_plus_top_0_drc_routed.rpt -pb au_plus_top_0_drc_routed.pb -rpx au_plus_top_0_drc_routed.rpx
Command: report_drc -file au_plus_top_0_drc_routed.rpt -pb au_plus_top_0_drc_routed.pb -rpx au_plus_top_0_drc_routed.rpx
INFO: [IP_Flow 19-1839] IP Catalog is up to date.
INFO: [DRC 23-27] Running DRC with 8 threads
INFO: [Vivado_Tcl 2-168] The results of DRC are in file /home/spencer/processor-design/Spencer/Hello-AVR/work/vivado/Hello-AVR/Hello-AVR.runs/impl_1/au_plus_top_0_drc_routed.rpt.
report_drc completed successfully
INFO: [runtcl-4] Executing : report_methodology -file au_plus_top_0_methodology_drc_routed.rpt -pb au_plus_top_0_methodology_drc_routed.pb -rpx au_plus_top_0_methodology_drc_routed.rpx
Command: report_methodology -file au_plus_top_0_methodology_drc_routed.rpt -pb au_plus_top_0_methodology_drc_routed.pb -rpx au_plus_top_0_methodology_drc_routed.rpx
INFO: [Timing 38-35] Done setting XDC timing constraints.
INFO: [DRC 23-133] Running Methodology with 8 threads
INFO: [Vivado_Tcl 2-1520] The results of Report Methodology are in file /home/spencer/processor-design/Spencer/Hello-AVR/work/vivado/Hello-AVR/Hello-AVR.runs/impl_1/au_plus_top_0_methodology_drc_routed.rpt.
report_methodology completed successfully
INFO: [runtcl-4] Executing : report_power -file au_plus_top_0_power_routed.rpt -pb au_plus_top_0_power_summary_routed.pb -rpx au_plus_top_0_power_routed.rpx
Command: report_power -file au_plus_top_0_power_routed.rpt -pb au_plus_top_0_power_summary_routed.pb -rpx au_plus_top_0_power_routed.rpx
INFO: [Timing 38-35] Done setting XDC timing constraints.
Running Vector-less Activity Propagation...

Finished Running Vector-less Activity Propagation
97 Infos, 0 Warnings, 0 Critical Warnings and 0 Errors encountered.
report_power completed successfully
INFO: [runtcl-4] Executing : report_route_status -file au_plus_top_0_route_status.rpt -pb au_plus_top_0_route_status.pb
INFO: [runtcl-4] Executing : report_timing_summary -max_paths 10 -file au_plus_top_0_timing_summary_routed.rpt -pb au_plus_top_0_timing_summary_routed.pb -rpx au_plus_top_0_timing_summary_routed.rpx -warn_on_violation 
INFO: [Timing 38-91] UpdateTimingParams: Speed grade: -1, Delay Type: min_max.
INFO: [Timing 38-191] Multithreading enabled for timing update using a maximum of 8 CPUs
INFO: [runtcl-4] Executing : report_incremental_reuse -file au_plus_top_0_incremental_reuse_routed.rpt
INFO: [Vivado_Tcl 4-1062] Incremental flow is disabled. No incremental reuse Info to report.
INFO: [runtcl-4] Executing : report_clock_utilization -file au_plus_top_0_clock_utilization_routed.rpt
INFO: [runtcl-4] Executing : report_bus_skew -warn_on_violation -file au_plus_top_0_bus_skew_routed.rpt -pb au_plus_top_0_bus_skew_routed.pb -rpx au_plus_top_0_bus_skew_routed.rpx
INFO: [Timing 38-91] UpdateTimingParams: Speed grade: -1, Delay Type: min_max.
INFO: [Timing 38-191] Multithreading enabled for timing update using a maximum of 8 CPUs
Command: write_bitstream -force au_plus_top_0.bit -bin_file
Attempting to get a license for feature 'Implementation' and/or device 'xc7a100t'
INFO: [Common 17-349] Got license for feature 'Implementation' and/or device 'xc7a100t'
Running DRC as a precondition to command write_bitstream
INFO: [IP_Flow 19-1839] IP Catalog is up to date.
INFO: [DRC 23-27] Running DRC with 8 threads
INFO: [Vivado 12-3199] DRC finished with 0 Errors
INFO: [Vivado 12-3200] Please refer to the DRC report (report_drc) for more information.
INFO: [Designutils 20-2272] Running write_bitstream with 8 threads.
Loading data files...
Loading site data...
Loading route data...
Processing options...
Creating bitmap...
Creating bitstream...
Bitstream compression saved 27393056 bits.
Writing bitstream ./au_plus_top_0.bit...
Writing bitstream ./au_plus_top_0.bin...
INFO: [Vivado 12-1842] Bitgen Completed Successfully.
INFO: [#UNDEF] WebTalk data collection is mandatory when using a WebPACK part without a full Vivado license. To see the specific WebTalk data collected for your design, open the usage_statistics_webtalk.html or usage_statistics_webtalk.xml file in the implementation directory.
INFO: [Common 17-186] '/home/spencer/processor-design/Spencer/Hello-AVR/work/vivado/Hello-AVR/Hello-AVR.runs/impl_1/usage_statistics_webtalk.xml' has been successfully sent to Xilinx on Sun Sep 26 19:59:39 2021. For additional details about this file, please refer to the WebTalk help file at /tools/Xilinx/Vivado/2021.1/doc/webtalk_introduction.html.
INFO: [Common 17-83] Releasing license: Implementation
13 Infos, 0 Warnings, 0 Critical Warnings and 0 Errors encountered.
write_bitstream completed successfully
write_bitstream: Time (s): cpu = 00:00:08 ; elapsed = 00:00:11 . Memory (MB): peak = 3436.621 ; gain = 224.320 ; free physical = 3898 ; free virtual = 11779
INFO: [Common 17-206] Exiting Vivado at Sun Sep 26 19:59:39 2021...
[Sun Sep 26 19:59:39 2021] impl_1 finished
wait_on_run: Time (s): cpu = 00:01:07 ; elapsed = 00:00:51 . Memory (MB): peak = 2492.055 ; gain = 0.000 ; free physical = 5345 ; free virtual = 13227
INFO: [Common 17-206] Exiting Vivado at Sun Sep 26 19:59:39 2021...
Vivado exited.

Finished building project.
