Copyright 1986-2021 Xilinx, Inc. All Rights Reserved.
------------------------------------------------------------------------------------------
| Tool Version : Vivado v.2021.1 (lin64) Build 3247384 Thu Jun 10 19:36:07 MDT 2021
| Date         : Thu Nov 18 06:04:58 2021
| Host         : spencer-XPS-15-9570 running 64-bit Ubuntu 19.04
| Command      : report_control_sets -verbose -file au_plus_top_0_control_sets_placed.rpt
| Design       : au_plus_top_0
| Device       : xc7a100t
------------------------------------------------------------------------------------------

Control Set Information

Table of Contents
-----------------
1. Summary
2. Histogram
3. Flip-Flop Distribution
4. Detailed Control Set Information

1. Summary
----------

+----------------------------------------------------------+-------+
|                          Status                          | Count |
+----------------------------------------------------------+-------+
| Total control sets                                       |     8 |
|    Minimum number of control sets                        |     8 |
|    Addition due to synthesis replication                 |     0 |
|    Addition due to physical synthesis replication        |     0 |
| Unused register locations in slices containing registers |    39 |
+----------------------------------------------------------+-------+
* Control sets can be merged at opt_design using control_set_merge or merge_equivalent_drivers
** Run report_qor_suggestions for automated merging and remapping suggestions


2. Histogram
------------

+--------------------+-------+
|       Fanout       | Count |
+--------------------+-------+
| Total control sets |     8 |
| >= 0 to < 4        |     0 |
| >= 4 to < 6        |     1 |
| >= 6 to < 8        |     0 |
| >= 8 to < 10       |     0 |
| >= 10 to < 12      |     3 |
| >= 12 to < 14      |     1 |
| >= 14 to < 16      |     0 |
| >= 16              |     3 |
+--------------------+-------+
* Control sets can be remapped at either synth_design or opt_design


3. Flip-Flop Distribution
-------------------------

+--------------+-----------------------+------------------------+-----------------+--------------+
| Clock Enable | Synchronous Set/Reset | Asynchronous Set/Reset | Total Registers | Total Slices |
+--------------+-----------------------+------------------------+-----------------+--------------+
| No           | No                    | No                     |              13 |           10 |
| No           | No                    | Yes                    |               0 |            0 |
| No           | Yes                   | No                     |              68 |           22 |
| Yes          | No                    | No                     |               0 |            0 |
| Yes          | No                    | Yes                    |               0 |            0 |
| Yes          | Yes                   | No                     |              40 |           14 |
+--------------+-----------------------+------------------------+-----------------+--------------+


4. Detailed Control Set Information
-----------------------------------

+--------------------------------------------+-------------------+----------------------------+------------------+----------------+--------------+
|                Clock Signal                |   Enable Signal   |      Set/Reset Signal      | Slice Load Count | Bel Load Count | Bels / Slice |
+--------------------------------------------+-------------------+----------------------------+------------------+----------------+--------------+
|  clk_IBUF_BUFG                             |                   | reset_cond/M_reset_cond_in |                2 |              4 |         2.00 |
|  timer/x_dim/M_y_dim_clk                   |                   | reset_cond/Q[0]            |                5 |             10 |         2.00 |
|  cpu0/CLK                                  |                   | reset_cond/Q[0]            |                3 |             10 |         3.33 |
|  vga_screen_counter/x_dim/M_ctr_q_reg[5]_0 |                   | reset_cond/Q[0]            |                3 |             10 |         3.33 |
|  clk_IBUF_BUFG                             |                   |                            |               10 |             13 |         1.30 |
|  clk_IBUF_BUFG                             | cpu0/M_n_out[0]   | reset_cond/Q[0]            |                7 |             20 |         2.86 |
|  clk_IBUF_BUFG                             | cpu1/M_cpu1_ready | reset_cond/Q[0]            |                7 |             20 |         2.86 |
|  clk_IBUF_BUFG                             |                   | reset_cond/Q[0]            |                9 |             34 |         3.78 |
+--------------------------------------------+-------------------+----------------------------+------------------+----------------+--------------+


