Copyright 1986-2021 Xilinx, Inc. All Rights Reserved.
------------------------------------------------------------------------------------------
| Tool Version : Vivado v.2021.1 (lin64) Build 3247384 Thu Jun 10 19:36:07 MDT 2021
| Date         : Sun Sep 26 19:59:13 2021
| Host         : spencer-XPS-15-9570 running 64-bit Ubuntu 19.04
| Command      : report_control_sets -verbose -file au_plus_top_0_control_sets_placed.rpt
| Design       : au_plus_top_0
| Device       : xc7a100t
------------------------------------------------------------------------------------------

Control Set Information

Table of Contents
-----------------
1. Summary
2. Histogram
3. Flip-Flop Distribution
4. Detailed Control Set Information

1. Summary
----------

+----------------------------------------------------------+-------+
|                          Status                          | Count |
+----------------------------------------------------------+-------+
| Total control sets                                       |    10 |
|    Minimum number of control sets                        |    10 |
|    Addition due to synthesis replication                 |     0 |
|    Addition due to physical synthesis replication        |     0 |
| Unused register locations in slices containing registers |    25 |
+----------------------------------------------------------+-------+
* Control sets can be merged at opt_design using control_set_merge or merge_equivalent_drivers
** Run report_qor_suggestions for automated merging and remapping suggestions


2. Histogram
------------

+--------------------+-------+
|       Fanout       | Count |
+--------------------+-------+
| Total control sets |    10 |
| >= 0 to < 4        |     0 |
| >= 4 to < 6        |     4 |
| >= 6 to < 8        |     2 |
| >= 8 to < 10       |     3 |
| >= 10 to < 12      |     0 |
| >= 12 to < 14      |     0 |
| >= 14 to < 16      |     0 |
| >= 16              |     1 |
+--------------------+-------+
* Control sets can be remapped at either synth_design or opt_design


3. Flip-Flop Distribution
-------------------------

+--------------+-----------------------+------------------------+-----------------+--------------+
| Clock Enable | Synchronous Set/Reset | Asynchronous Set/Reset | Total Registers | Total Slices |
+--------------+-----------------------+------------------------+-----------------+--------------+
| No           | No                    | No                     |              25 |            9 |
| No           | No                    | Yes                    |               0 |            0 |
| No           | Yes                   | No                     |              10 |            3 |
| Yes          | No                    | No                     |              30 |           11 |
| Yes          | No                    | Yes                    |               0 |            0 |
| Yes          | Yes                   | No                     |               6 |            3 |
+--------------+-----------------------+------------------------+-----------------+--------------+


4. Detailed Control Set Information
-----------------------------------

+----------------+--------------------------------------------------+-------------------------------+------------------+----------------+--------------+
|  Clock Signal  |                   Enable Signal                  |        Set/Reset Signal       | Slice Load Count | Bel Load Count | Bels / Slice |
+----------------+--------------------------------------------------+-------------------------------+------------------+----------------+--------------+
|  clk_IBUF_BUFG |                                                  | reset_cond/M_reset_cond_in    |                1 |              4 |         4.00 |
|  clk_IBUF_BUFG | greeter/ram/E[0]                                 |                               |                2 |              4 |         2.00 |
|  clk_IBUF_BUFG | uart_tx/FSM_sequential_M_state_q_reg[1]_0[0]     |                               |                1 |              5 |         5.00 |
|  clk_IBUF_BUFG | greeter/M_name_count_d                           |                               |                2 |              5 |         2.50 |
|  clk_IBUF_BUFG |                                                  | reset_cond/Q[0]               |                2 |              6 |         3.00 |
|  clk_IBUF_BUFG | uart_rx/M_ctr_q[6]_i_2__0_n_0                    | uart_rx/M_ctr_q[6]_i_1__0_n_0 |                3 |              6 |         2.00 |
|  clk_IBUF_BUFG | uart_rx/M_savedData_d                            |                               |                2 |              8 |         4.00 |
|  clk_IBUF_BUFG | greeter/ram/FSM_sequential_M_state_q_reg[0]_0[0] |                               |                4 |              8 |         2.00 |
|  clk_IBUF_BUFG | greeter/ram/M_ram_write_en                       |                               |                2 |              8 |         4.00 |
|  clk_IBUF_BUFG |                                                  |                               |                9 |             25 |         2.78 |
+----------------+--------------------------------------------------+-------------------------------+------------------+----------------+--------------+


